<?xml version="1.0" encoding="UTF-8"?>
<!-- Generated by org.testng.reporters.JUnitXMLReporter -->
<testsuite hostname="DESKTOP-1UV0N2B" ignored="0" name="registeration" tests="1" failures="1" timestamp="2020-07-06T20:08:48 IST" time="28.831" errors="0">
  <testcase name="createAccount" time="14.789" classname="testcases.RegisterTestCases">
    <failure type="java.lang.AssertionError" message="expected [Your Account Has Been Created] but found [Your Account Has Been Created!]">
      <![CDATA[java.lang.AssertionError: expected [Your Account Has Been Created] but found [Your Account Has Been Created!]
at testcases.RegisterTestCases.createAccount(RegisterTestCases.java:55)
at java.util.ArrayList.forEach(ArrayList.java:1257)
... Removed 36 stack frames]]>
    </failure>
  </testcase> <!-- createAccount -->
</testsuite> <!-- registeration -->
