<?xml version="1.0" encoding="UTF-8"?>
<testsuite xmlns:xsi="http://www.w3.org/2001/XMLSchema-instance" xsi:noNamespaceSchemaLocation="https://maven.apache.org/surefire/maven-surefire-plugin/xsd/surefire-test-report-3.0.xsd" version="3.0" name="TestSuite" time="136.026" tests="4" errors="0" skipped="0" failures="1">
  <properties>
[...]
</properties>
  <testcase name="login[user1234@gmail.com, user](1)" classname="testcases.LoginTestCases" time="4.585">
    <system-out><![CDATA[user1234@gmail.com
user
user1234@gmail.com user
]]></system-out>
    <system-err><![CDATA[Jul 06, 2020 8:06:36 PM org.openqa.selenium.remote.DesiredCapabilities chrome
INFO: Using `new ChromeOptions()` is preferred to `DesiredCapabilities.chrome()`
Starting ChromeDriver 83.0.4103.39 (ccbf011cb2d2b19b506d844400483861342c20cd-refs/branch-heads/4103@{#416}) on port 5707
Only local connections are allowed.
Please see https://chromedriver.chromium.org/security-considerations for suggestions on keeping ChromeDriver safe.
ChromeDriver was started successfully.
[1594046252.874][WARNING]: Timed out connecting to Chrome, retrying...
Jul 06, 2020 8:07:42 PM org.openqa.selenium.remote.ProtocolHandshake createSession
INFO: Detected dialect: W3C
]]></system-err>
  </testcase>
  <testcase name="loginPageTitleTest" classname="testcases.LoginTestCases" time="0.008"/>
  <testcase name="validatePageOpen" classname="testcases.HomePageTestCases" time="0.079">
    <system-err><![CDATA[Jul 06, 2020 8:08:05 PM org.openqa.selenium.remote.DesiredCapabilities chrome
INFO: Using `new ChromeOptions()` is preferred to `DesiredCapabilities.chrome()`
Starting ChromeDriver 83.0.4103.39 (ccbf011cb2d2b19b506d844400483861342c20cd-refs/branch-heads/4103@{#416}) on port 2705
Only local connections are allowed.
Please see https://chromedriver.chromium.org/security-considerations for suggestions on keeping ChromeDriver safe.
ChromeDriver was started successfully.
Jul 06, 2020 8:08:11 PM org.openqa.selenium.remote.ProtocolHandshake createSession
INFO: Detected dialect: W3C
]]></system-err>
  </testcase>
  <testcase name="createAccount[userfitst, userlast, user, 555-1234, 43 Franklin Lane Everett, MA 02149, Everett, United States, Massachusetts, useriyt, useriyt](1)" classname="testcases.RegisterTestCases" time="15.001">
    <failure message="expected [Your Account Has Been Created] but found [Your Account Has Been Created!]" type="java.lang.AssertionError"><![CDATA[java.lang.AssertionError: expected [Your Account Has Been Created] but found [Your Account Has Been Created!]
	at testcases.RegisterTestCases.createAccount(RegisterTestCases.java:55)
]]></failure>
    <system-out><![CDATA[userfitst
userlast
user
555-1234
43 Franklin Lane Everett, MA 02149
Everett
United States
Massachusetts
useriyt
useriyt
]]></system-out>
    <system-err><![CDATA[Jul 06, 2020 8:08:19 PM org.openqa.selenium.remote.DesiredCapabilities chrome
INFO: Using `new ChromeOptions()` is preferred to `DesiredCapabilities.chrome()`
Starting ChromeDriver 83.0.4103.39 (ccbf011cb2d2b19b506d844400483861342c20cd-refs/branch-heads/4103@{#416}) on port 34613
Only local connections are allowed.
Please see https://chromedriver.chromium.org/security-considerations for suggestions on keeping ChromeDriver safe.
ChromeDriver was started successfully.
Jul 06, 2020 8:08:23 PM org.openqa.selenium.remote.ProtocolHandshake createSession
INFO: Detected dialect: W3C
]]></system-err>
  </testcase>
</testsuite>